\BOOKMARK [0][-]{chapter.1}{Inleiding}{}% 1
\BOOKMARK [1][-]{section.1.1}{Probleemstelling en Onderzoeksvragen}{chapter.1}% 2
\BOOKMARK [2][-]{subsection.1.1.1}{Samenwerking met andere Technologie\353n}{section.1.1}% 3
\BOOKMARK [2][-]{subsection.1.1.2}{Beveiligingsdreigingen}{section.1.1}% 4
\BOOKMARK [2][-]{subsection.1.1.3}{VOIP met IPV6}{section.1.1}% 5
\BOOKMARK [0][-]{chapter.2}{Methodologie}{}% 6
\BOOKMARK [0][-]{chapter.3}{Samenwerking met andere Technologie\353n}{}% 7
\BOOKMARK [0][-]{chapter.4}{Beveiligingsdreigingen en oplossingen}{}% 8
\BOOKMARK [1][-]{section.4.1}{Packet Sniffing}{chapter.4}% 9
\BOOKMARK [2][-]{subsection.4.1.1}{Hoe werkt het?}{section.4.1}% 10
\BOOKMARK [2][-]{subsection.4.1.2}{Virtual LAN's}{section.4.1}% 11
\BOOKMARK [2][-]{subsection.4.1.3}{Encryptie}{section.4.1}% 12
\BOOKMARK [2][-]{subsection.4.1.4}{Apart netwerk}{section.4.1}% 13
\BOOKMARK [1][-]{section.4.2}{Identiteits dreigingen}{chapter.4}% 14
\BOOKMARK [2][-]{subsection.4.2.1}{Caller-ID spoofing}{section.4.2}% 15
\BOOKMARK [2][-]{subsection.4.2.2}{Call Hijacking}{section.4.2}% 16
\BOOKMARK [2][-]{subsection.4.2.3}{Besluit}{section.4.2}% 17
\BOOKMARK [1][-]{section.4.3}{Kwaliteits dreigingen}{chapter.4}% 18
\BOOKMARK [1][-]{section.4.4}{Voorbeeld Netwerk}{chapter.4}% 19
\BOOKMARK [0][-]{chapter.5}{VOIP met IPV6}{}% 20
\BOOKMARK [0][-]{chapter.6}{Conclusie}{}% 21
